<?xml version="1.0" encoding="UTF-8"?>
<!-- Generated by org.testng.reporters.JUnitReportReporter -->
<testsuite hostname="ShowStopper-PC" name="Execution_Engine.ResultPage" tests="1" failures="0" timestamp="15 Sep 2017 20:47:07 GMT" time="7.388" errors="0">
  <testcase name="resultPage" time="7.388" classname="Execution_Engine.ResultPage"/>
</testsuite> <!-- Execution_Engine.ResultPage -->
