<?xml version="1.0" encoding="UTF-8"?>
<!-- Generated by org.testng.reporters.JUnitReportReporter -->
<testsuite hostname="ShowStopper-PC" name="Execution_Engine.SearchQueryHome" tests="1" failures="0" timestamp="15 Sep 2017 20:47:07 GMT" time="16.751" errors="0">
  <testcase name="searchQueryHome" time="16.751" classname="Execution_Engine.SearchQueryHome"/>
</testsuite> <!-- Execution_Engine.SearchQueryHome -->
