<?xml version="1.0" encoding="UTF-8"?>
<!-- Generated by org.testng.reporters.JUnitReportReporter -->
<testsuite hostname="ShowStopper-PC" name="Execution_Engine.VerifyPage" tests="1" failures="0" timestamp="15 Sep 2017 20:47:07 GMT" time="4.612" errors="0">
  <testcase name="verifyPage" time="4.612" classname="Execution_Engine.VerifyPage"/>
</testsuite> <!-- Execution_Engine.VerifyPage -->
